<?xml version="1.0" encoding="UTF-8"?>
<!-- Generated by org.testng.reporters.JUnitReportReporter -->
<testsuite hostname="DAWIT-QA" failures="0" tests="4" name="com.Habeshaschool.AutomationTesting.InvocationCountTest" time="0.016" errors="0" timestamp="30 Oct 2019 14:50:26 GMT" skipped="0">
  <testcase classname="com.Habeshaschool.AutomationTesting.InvocationCountTest" name="Sum" time="0.000"/>
  <testcase classname="com.Habeshaschool.AutomationTesting.InvocationCountTest" name="Sum" time="0.016"/>
  <testcase classname="com.Habeshaschool.AutomationTesting.InvocationCountTest" name="Sum" time="0.000"/>
  <testcase classname="com.Habeshaschool.AutomationTesting.InvocationCountTest" name="Sum" time="0.000"/>
</testsuite> <!-- com.Habeshaschool.AutomationTesting.InvocationCountTest -->
