<?xml version="1.0" encoding="UTF-8"?>
<!-- Generated by org.testng.reporters.JUnitReportReporter -->
<testsuite hostname="DAWIT-QA" failures="0" tests="8" name="testNGGroupID.testNGArtifactID.ToursLoginLogoutTest2" time="11.949" errors="0" timestamp="7 Jun 2018 19:51:33 GMT">
  <testcase classname="testNGGroupID.testNGArtifactID.ToursLoginLogoutTest2" name="loginTestwithwrongcredentials" time="1.083"/>
  <testcase classname="testNGGroupID.testNGArtifactID.ToursLoginLogoutTest2" name="loginTestwithwrongcredentials" time="1.118"/>
  <testcase classname="testNGGroupID.testNGArtifactID.ToursLoginLogoutTest2" name="loginTestwithwrongcredentials" time="1.123"/>
  <testcase classname="testNGGroupID.testNGArtifactID.ToursLoginLogoutTest2" name="loginTestwithcorrectcredentials" time="4.155"/>
  <testcase classname="testNGGroupID.testNGArtifactID.ToursLoginLogoutTest2" name="loginTestwithwrongcredentials" time="1.176"/>
  <testcase classname="testNGGroupID.testNGArtifactID.ToursLoginLogoutTest2" name="loginTestwithwrongcredentials" time="1.089"/>
  <testcase classname="testNGGroupID.testNGArtifactID.ToursLoginLogoutTest2" name="loginTestwithwrongcredentials" time="1.095"/>
  <testcase classname="testNGGroupID.testNGArtifactID.ToursLoginLogoutTest2" name="loginTestwithwrongcredentials" time="1.110"/>
</testsuite> <!-- testNGGroupID.testNGArtifactID.ToursLoginLogoutTest2 -->
