<?xml version="1.0" encoding="UTF-8"?>
<!-- Generated by org.testng.reporters.JUnitReportReporter -->
<testsuite hostname="DAWIT-QA" failures="0" tests="1" name="UsingXpath" time="43.490" errors="0" timestamp="19 Nov 2019 22:40:26 GMT" skipped="0">
  <testcase classname="UsingXpath" name="clickOnSearch" time="43.490"/>
</testsuite> <!-- UsingXpath -->
