<?xml version="1.0" encoding="UTF-8"?>
<!-- Generated by org.testng.reporters.JUnitReportReporter -->
<testsuite hostname="DAWIT-QA" failures="0" tests="4" name="SeleniumBasic.TestNGPriority" time="0.133" errors="0" timestamp="21 Jun 2018 23:12:29 GMT">
  <testcase classname="SeleniumBasic.TestNGPriority" name="C" time="0.001"/>
  <testcase classname="SeleniumBasic.TestNGPriority" name="B" time="0.002"/>
  <testcase classname="SeleniumBasic.TestNGPriority" name="A" time="0.001"/>
  <testcase classname="SeleniumBasic.TestNGPriority" name="D" time="0.129"/>
</testsuite> <!-- SeleniumBasic.TestNGPriority -->
