<?xml version="1.0" encoding="UTF-8"?>
<!-- Generated by org.testng.reporters.JUnitReportReporter -->
<testsuite hostname="DAWIT-QA" failures="0" tests="1" name="testNGGroupID.testNGArtifactID.RegistratioinTest" time="11.227" errors="0" timestamp="29 Oct 2019 16:23:29 GMT">
  <testcase classname="testNGGroupID.testNGArtifactID.RegistratioinTest" name="registration" time="11.227"/>
</testsuite> <!-- testNGGroupID.testNGArtifactID.RegistratioinTest -->
