<?xml version="1.0" encoding="UTF-8"?>
<!-- Generated by org.testng.reporters.JUnitReportReporter -->
<testsuite hostname="DAWIT-QA" failures="0" tests="1" name="HandlingAlert2" time="27.194" errors="0" timestamp="15 Apr 2019 04:38:43 GMT">
  <testcase classname="HandlingAlert2" name="HandlingAlert2" time="27.194"/>
</testsuite> <!-- HandlingAlert2 -->
