<?xml version="1.0" encoding="UTF-8"?>
<!-- Generated by org.testng.reporters.JUnitReportReporter -->
<testsuite hostname="DAWIT-QA" failures="0" tests="1" name="testNGGroupID.testNGArtifactID.RegistarationTest" time="13.475" errors="0" timestamp="31 May 2018 21:38:13 GMT">
  <testcase classname="testNGGroupID.testNGArtifactID.RegistarationTest" name="registration" time="13.475"/>
</testsuite> <!-- testNGGroupID.testNGArtifactID.RegistarationTest -->
