<?xml version="1.0" encoding="UTF-8"?>
<!-- Generated by org.testng.reporters.JUnitReportReporter -->
<testsuite hostname="DAWIT-QA" failures="0" tests="2" name="TestNgBasics" time="0.019" errors="0" timestamp="7 Apr 2019 01:59:14 GMT">
  <testcase classname="TestNgBasics" name="googleTitletest" time="0.014"/>
  <testcase classname="TestNgBasics" name="SearchTest" time="0.005"/>
</testsuite> <!-- TestNgBasics -->
