<?xml version="1.0" encoding="UTF-8"?>
<!-- Generated by org.testng.reporters.JUnitReportReporter -->
<testsuite hostname="DAWIT-QA" failures="0" tests="2" name="DependsOnMethod" time="15.160" errors="0" timestamp="18 Oct 2019 01:27:40 GMT">
  <testcase classname="DependsOnMethod" name="googleLogoTest" time="6.960"/>
  <testcase classname="DependsOnMethod" name="googleTitlePage" time="8.200"/>
</testsuite> <!-- DependsOnMethod -->
