<?xml version="1.0" encoding="UTF-8"?>
<!-- Generated by org.testng.reporters.JUnitReportReporter -->
<testsuite hostname="DAWIT-QA" failures="0" tests="1" name="javaBasic.LaunchingBrowser" time="0.019" errors="0" timestamp="20 Nov 2019 00:21:04 GMT" skipped="0">
  <testcase classname="javaBasic.LaunchingBrowser" name="KnowingNumberofLinks" time="0.019"/>
</testsuite> <!-- javaBasic.LaunchingBrowser -->
