<?xml version="1.0" encoding="UTF-8"?>
<!-- Generated by org.testng.reporters.JUnitReportReporter -->
<testsuite hostname="DAWIT-QA" failures="0" tests="1" name="testNGGroupID.testNGArtifactID.VerifyPageTitle" time="18.450" errors="0" timestamp="12 Jun 2018 20:14:14 GMT">
  <testcase classname="testNGGroupID.testNGArtifactID.VerifyPageTitle" name="VerifyPageTitle" time="18.450"/>
</testsuite> <!-- testNGGroupID.testNGArtifactID.VerifyPageTitle -->
