<?xml version="1.0" encoding="UTF-8"?>
<!-- Generated by org.testng.reporters.JUnitReportReporter -->
<testsuite hostname="DAWIT-QA" failures="0" tests="3" name="GoogleTest" time="21.828" errors="0" timestamp="18 Oct 2019 02:08:12 GMT">
  <testcase classname="GoogleTest" name="googleTitleTest" time="8.055"/>
  <testcase classname="GoogleTest" name="googleLogoTest" time="6.948"/>
  <testcase classname="GoogleTest" name="LinkTest" time="6.825"/>
</testsuite> <!-- GoogleTest -->
